--------------------------
ç¬¬ä¸€ä¸ªæ–‡ä»¶å•è¯ é•¿åº¦ï¼š80
--------------------------

--------------------------
ç¬¬äºŒä¸ªæ–‡ä»¶å•è¯ é•¿åº¦ï¼š69
--------------------------

--------------------------
ºÏ²¢²»ÖØ¸´µ¥´ÊÁĞ±í£º# u.s.
# projects
# saved
# convenience
# during
# naturalized
# trains
# losing
# leg
# reliable
# billroj
# would
# subways
# four
# because
# runner
# if
# they
# reduce
# passengers
# in
# is
# capt.
# an
# former
# as
# plans
# obtained
# actions
# six-year
# comes
# college-level
# out
# mil
# attack
# by
# national
# donéˆ¥æª›
# receive
# a
# corp.
# joined
# more
# born
# manages
# flo
# thursday
# people
# lawmakers
# transportation
# the
# afghanistan
# florent
# to
# but
# usa
# honor
# while
# obama.
# his
# commander
# france
# from
# military
# highway
# five
# others
# which
# negotiate
# citizen
# like
# cleaner
# often
# less
# army
# driving
# buses
# transit
# were
# senate
# survey
# designs
# who
# 10th
# hntb
# nearly
# mass
# for
# according
# captain
# ride
# house
# 2008
# and
# of
# today
# medal
# construction
# said
# emissions
# says
# on
# living
# will
# groberg
# crowded
# a.
# recipient
# president
# afghanistand
--------------------------

--------------------------
ÖØ¸´µ¥´ÊÁĞ±í£º# the
# a
# in
# and
# for
# thursday
--------------------------

